[2025-12-04T13:35:36.265Z] updateSister error: Unknown column 'target' in 'field list'
Stack: Error: Unknown column 'target' in 'field list'
    at PromisePoolConnection.query (E:\project\01-hoi-dong-osp\backend\node_modules\mysql2\lib\promise\connection.js:29:22)
    at SisterModel.executeQuery (E:\project\01-hoi-dong-osp\backend\src\models\BaseModel.js:127:39)
    at process.processTicksAndRejections (node:internal/process/task_queues:105:5)
    at async SisterModel.update (E:\project\01-hoi-dong-osp\backend\src\models\BaseModel.js:104:5)
    at async updateSister (E:\project\01-hoi-dong-osp\backend\src\controllers\sisterController.js:372:21)
Body: {"birth_name":"Ngọc Diễm","saint_name":"Matha","code":"NT-009","date_of_birth":"1993-02-21T17:00:00.000Z","place_of_birth":"Châu Thành, Tây Ninh","nationality":"Việt Nam","id_card":"072099999999","id_card_place":"Tây Ninh","phone":"0394444444","email":"admin@gmail.co","permanent_address":"Châu Thành, Tây Ninh","current_address":"Châu Thành, Tây Ninh","father_name":"Trần Văn Tiến","father_occupation":"Nông Dân","mother_name":"Nguyễn Thị Vân","mother_occupation":"Nội trợ","siblings_count":7,"family_address":"Châu Thành, Tây Ninh","family_religion":"Công Giáo","baptism_date":"1993-11-19T17:00:00.000Z","baptism_place":"Nhà thờ Cao xá","confirmation_date":"2000-08-04T17:00:00.000Z","first_communion_date":"1997-11-01T17:00:00.000Z","emergency_contact_name":"Trần Văn Tiến","emergency_contact_phone":"0394458507","documents":[{"id":1764780324266,"name":"Giay chung sinh.pdf","size":235959,"type":"application/pdf","url":"blob:http://localhost:3000/448ce46f-6f56-4e49-91cc-dd9c17601cb2","uploadedAt":"2025-12-03T16:45:24.266Z"}],"photo_url":{"target":{"value":[{}]}},"status":"active"}

[2025-12-04T13:35:56.226Z] updateSister error: Unknown column 'target' in 'field list'
Stack: Error: Unknown column 'target' in 'field list'
    at PromisePoolConnection.query (E:\project\01-hoi-dong-osp\backend\node_modules\mysql2\lib\promise\connection.js:29:22)
    at SisterModel.executeQuery (E:\project\01-hoi-dong-osp\backend\src\models\BaseModel.js:127:39)
    at process.processTicksAndRejections (node:internal/process/task_queues:105:5)
    at async SisterModel.update (E:\project\01-hoi-dong-osp\backend\src\models\BaseModel.js:104:5)
    at async updateSister (E:\project\01-hoi-dong-osp\backend\src\controllers\sisterController.js:372:21)
Body: {"birth_name":"Ngọc Diễm","saint_name":"Matha","code":"NT-009","date_of_birth":"1993-02-21T17:00:00.000Z","place_of_birth":"Châu Thành, Tây Ninh","nationality":"Việt Nam","id_card":"072099999999","id_card_place":"Tây Ninh","phone":"0394444444","email":"admin@gmail.co","permanent_address":"Châu Thành, Tây Ninh","current_address":"Châu Thành, Tây Ninh","father_name":"Trần Văn Tiến","father_occupation":"Nông Dân","mother_name":"Nguyễn Thị Vân","mother_occupation":"Nội trợ","siblings_count":7,"family_address":"Châu Thành, Tây Ninh","family_religion":"Công Giáo","baptism_date":"1993-11-19T17:00:00.000Z","baptism_place":"Nhà thờ Cao xá","confirmation_date":"2000-08-04T17:00:00.000Z","first_communion_date":"1997-11-01T17:00:00.000Z","emergency_contact_name":"Trần Văn Tiến","emergency_contact_phone":"0394458507","documents":[{"id":1764780324266,"name":"Giay chung sinh.pdf","size":235959,"type":"application/pdf","url":"blob:http://localhost:3000/448ce46f-6f56-4e49-91cc-dd9c17601cb2","uploadedAt":"2025-12-03T16:45:24.266Z"}],"photo_url":{"target":{"value":[]}},"status":"active"}

[2025-12-04T13:36:01.915Z] updateSister error: Unknown column 'target' in 'field list'
Stack: Error: Unknown column 'target' in 'field list'
    at PromisePoolConnection.query (E:\project\01-hoi-dong-osp\backend\node_modules\mysql2\lib\promise\connection.js:29:22)
    at SisterModel.executeQuery (E:\project\01-hoi-dong-osp\backend\src\models\BaseModel.js:127:39)
    at process.processTicksAndRejections (node:internal/process/task_queues:105:5)
    at async SisterModel.update (E:\project\01-hoi-dong-osp\backend\src\models\BaseModel.js:104:5)
    at async updateSister (E:\project\01-hoi-dong-osp\backend\src\controllers\sisterController.js:372:21)
Body: {"birth_name":"Ngọc Diễm","saint_name":"Matha","code":"NT-009","date_of_birth":"1993-02-21T17:00:00.000Z","place_of_birth":"Châu Thành, Tây Ninh","nationality":"Việt Nam","id_card":"072099999999","id_card_place":"Tây Ninh","phone":"0394444444","email":"admin@gmail.co","permanent_address":"Châu Thành, Tây Ninh","current_address":"Châu Thành, Tây Ninh","father_name":"Trần Văn Tiến","father_occupation":"Nông Dân","mother_name":"Nguyễn Thị Vân","mother_occupation":"Nội trợ","siblings_count":7,"family_address":"Châu Thành, Tây Ninh","family_religion":"Công Giáo","baptism_date":"1993-11-19T17:00:00.000Z","baptism_place":"Nhà thờ Cao xá","confirmation_date":"2000-08-04T17:00:00.000Z","first_communion_date":"1997-11-01T17:00:00.000Z","emergency_contact_name":"Trần Văn Tiến","emergency_contact_phone":"0394458507","documents":[{"id":1764780324266,"name":"Giay chung sinh.pdf","size":235959,"type":"application/pdf","url":"blob:http://localhost:3000/448ce46f-6f56-4e49-91cc-dd9c17601cb2","uploadedAt":"2025-12-03T16:45:24.266Z"}],"photo_url":{"target":{"value":[]}},"status":"active"}

[2025-12-04T13:44:00.361Z] updateSister error: Unknown column 'target' in 'field list'
Stack: Error: Unknown column 'target' in 'field list'
    at PromisePoolConnection.query (E:\project\01-hoi-dong-osp\backend\node_modules\mysql2\lib\promise\connection.js:29:22)
    at SisterModel.executeQuery (E:\project\01-hoi-dong-osp\backend\src\models\BaseModel.js:127:39)
    at process.processTicksAndRejections (node:internal/process/task_queues:105:5)
    at async SisterModel.update (E:\project\01-hoi-dong-osp\backend\src\models\BaseModel.js:104:5)
    at async updateSister (E:\project\01-hoi-dong-osp\backend\src\controllers\sisterController.js:372:21)
Body: {"birth_name":"Ngọc Diễm","saint_name":"Matha","code":"NT-009","date_of_birth":"1993-02-18T17:00:00.000Z","place_of_birth":"Châu Thành, Tây Ninh","nationality":"Việt Nam","id_card":"072099999999","id_card_place":"Tây Ninh","phone":"0394444444","email":"admin@gmail.co","permanent_address":"Châu Thành, Tây Ninh","current_address":"Châu Thành, Tây Ninh","father_name":"Trần Văn Tiến","father_occupation":"Nông Dân","mother_name":"Nguyễn Thị Vân","mother_occupation":"Nội trợ","siblings_count":7,"family_address":"Châu Thành, Tây Ninh","family_religion":"Công Giáo","baptism_date":"1993-11-16T17:00:00.000Z","baptism_place":"Nhà thờ Cao xá","confirmation_date":"2000-08-01T17:00:00.000Z","first_communion_date":"1997-10-29T17:00:00.000Z","emergency_contact_name":"Trần Văn Tiến","emergency_contact_phone":"0394458507","documents":[{"id":1764780324266,"name":"Giay chung sinh.pdf","size":235959,"type":"application/pdf","url":"blob:http://localhost:3000/448ce46f-6f56-4e49-91cc-dd9c17601cb2","uploadedAt":"2025-12-03T16:45:24.266Z"}],"photo_url":{"target":{"value":[{}]}},"id":22,"status":"active","created_by":11,"created_at":"2025-12-02T15:56:06.000Z","updated_at":"2025-12-04T13:36:44.000Z","vocationJourney":[{"id":9,"sister_id":22,"stage":"inquiry","start_date":"1993-02-22T17:00:00.000Z","end_date":"2000-12-22T17:00:00.000Z","location":"Thánh Tuân","superior":"15_Maria Minh Hạnh","formation_director":"13_Maria Nguyen","community_id":21,"supervisor_id":null,"notes":"Bắt đầu hành trình ơn gọi với tâm hồn khao khát phục vụ Chúa và cộng đoàn. Đây là bước đầu tiên quan trọng trong cuộc đời tu trì, đánh dấu sự từ bỏ thế gian để theo tiếng gọi của Thiên Chúa.","community_name":"Đà Lạt","supervisor_name":null},{"id":10,"sister_id":22,"stage":"aspirant","start_date":"2000-02-21T17:00:00.000Z","end_date":"2010-12-21T17:00:00.000Z","location":"Đức Mẹ Núi Cúi","superior":"21_Test Sister","formation_director":"16_Đaminh trần tín 1","community_id":22,"supervisor_id":null,"notes":"Bước vào giai đoạn chuẩn bị sâu sắc hơn, học hỏi về đời sống tu trì, các giáo lý, và rèn luyện đức tin. Thời gian này giúp hiểu rõ hơn về ơn gọi và sứ mệnh của người tu sĩ.","community_name":"núi cúi","supervisor_name":null},{"id":11,"sister_id":22,"stage":"perpetual_vows","start_date":"2020-02-21T17:00:00.000Z","end_date":null,"location":"Nhà thờ Con Gà","superior":"13_Maria Nguyen","formation_director":"13_Maria Nguyen","community_id":21,"supervisor_id":null,"notes":"Giai đoạn đào tạo chính thức và chuyên sâu về đời sống tu trì. Học về các nguyên tắc, giáo lý, và thực hành các giá trị của dòng. Đây là thời gian quan trọng để chuẩn bị cho lời khấn đầu tiên.","community_name":"Đà Lạt","supervisor_name":null}],"communityAssignments":[{"id":8,"sister_id":22,"community_id":22,"role":"superior","start_date":"2025-12-02T17:00:00.000Z","end_date":null,"decision_number":null,"decision_date":null,"decision_file_url":null,"notes":null,"community_name":"núi cúi"}],"missions":[],"education":[],"trainingCourses":[],"healthRecords":[],"evaluations":[],"departureRecords":[],"currentCommunity":{"id":8,"sister_id":22,"community_id":22,"role":"superior","start_date":"2025-12-02T17:00:00.000Z","end_date":null,"decision_number":null,"decision_date":null,"decision_file_url":null,"notes":null,"community_name":"núi cúi"}}

